<?xml version="1.0" encoding="utf-8"?><testsuites name="pytest tests"><testsuite name="pytest" errors="0" failures="0" skipped="0" tests="12" time="3.851" timestamp="2026-06-19T15:21:39.744210+00:00" hostname="agent-env-10ee6400-352b-4563-a0c0-7ce09c2c0381"><testcase classname="backend.tests.test_new_features.TestPerPageCalibration" name="test_calibrate_multiple_pages" time="1.255" /><testcase classname="backend.tests.test_new_features.TestPerPageCalibration" name="test_existing_takeoff_page1_calibrated" time="0.138" /><testcase classname="backend.tests.test_new_features.TestRevisions" name="test_snapshot_list_restore" time="0.347" /><testcase classname="backend.tests.test_new_features.TestAuditLog" name="test_audit_list" time="0.094" /><testcase classname="backend.tests.test_new_features.TestAuditLog" name="test_audit_records_snapshot" time="0.298" /><testcase classname="backend.tests.test_new_features.TestBilling" name="test_billing_me" time="0.100" /><testcase classname="backend.tests.test_new_features.TestBilling" name="test_billing_checkout_creates_session" time="0.574" /><testcase classname="backend.tests.test_new_features.TestBilling" name="test_billing_checkout_rejects_free" time="0.107" /><testcase classname="backend.tests.test_new_features.TestBilling" name="test_billing_checkout_rejects_invalid_plan" time="0.101" /><testcase classname="backend.tests.test_new_features.TestSKUCSVImport" name="test_import_with_sku" time="0.243" /><testcase classname="backend.tests.test_new_features.TestAIRegionStatus" name="test_region_status_404_when_no_suggestions" time="0.313" /><testcase classname="backend.tests.test_new_features.TestAIRegionStatus" name="test_region_status_on_existing_takeoff" time="0.209" /></testsuite></testsuites>